<?xml version="1.0" encoding="UTF-8"?>
<!-- Generated by org.testng.reporters.JUnitXMLReporter -->
<testsuite ignored="4" hostname="LAP-136" failures="0" tests="10" name="Test" time="10.081" errors="0" timestamp="2025-01-02T15:30:20 IST">
  <testcase classname="tests.LoginTests" name="loginTest" time="0.304"/>
  <testcase classname="tests.LoginTests" name="loginTest" time="0.25"/>
  <testcase classname="tests.LoginTests" name="loginTest" time="0.238"/>
  <testcase classname="tests.LoginTests" name="loginTest" time="0.21"/>
  <testcase classname="tests.LoginTests" name="loginTest" time="0.214"/>
  <testcase classname="tests.LoginTests" name="positiveLoginTestWithLocalStorageCheck" time="0.283"/>
  <testcase classname="tests.LoginTests" name="validateSessionUsernameAfterLogin" time="0.232"/>
  <testcase classname="tests.HomePageTests" name="addItemToCart" time="0.561"/>
  <testcase classname="tests.HomePageTests" name="removeItemFromCart" time="1.564"/>
  <testcase classname="tests.HomePageTests" name="verifyHamburgerMenuItems" time="1.357"/>
  <testcase classname="utilities.BaseClass" name="@BeforeSuite setUp" time="0.0">
    <ignored/>
  </testcase> <!-- @BeforeSuite setUp -->
  <testcase classname="utilities.BaseClass" name="@BeforeSuite setUp" time="0.0">
    <ignored/>
  </testcase> <!-- @BeforeSuite setUp -->
  <testcase classname="utilities.BaseClass" name="@AfterSuite tearDown" time="0.0">
    <ignored/>
  </testcase> <!-- @AfterSuite tearDown -->
  <testcase classname="utilities.BaseClass" name="@AfterSuite tearDown" time="0.0">
    <ignored/>
  </testcase> <!-- @AfterSuite tearDown -->
</testsuite> <!-- Test -->
