<?xml version="1.0" encoding="UTF-8"?>
<!-- Generated by org.testng.reporters.JUnitXMLReporter -->
<testsuite ignored="4" hostname="LAP-136" failures="0" tests="10" name="Test" time="16.807" errors="0" timestamp="2024-12-30T21:42:51 IST">
  <testcase classname="tests.LoginTests" name="loginTest" time="0.768"/>
  <testcase classname="tests.LoginTests" name="loginTest" time="0.798"/>
  <testcase classname="tests.LoginTests" name="loginTest" time="0.707"/>
  <testcase classname="tests.LoginTests" name="loginTest" time="0.59"/>
  <testcase classname="tests.LoginTests" name="loginTest" time="0.637"/>
  <testcase classname="tests.LoginTests" name="positiveLoginTestWithLocalStorageCheck" time="0.868"/>
  <testcase classname="tests.LoginTests" name="validateSessionUsernameAfterLogin" time="0.736"/>
  <testcase classname="tests.HomePageTests" name="addItemToCart" time="1.155"/>
  <testcase classname="tests.HomePageTests" name="removeItemFromCart" time="2.166"/>
  <testcase classname="tests.HomePageTests" name="verifyHamburgerMenuItems" time="2.104"/>
  <testcase classname="utilities.BaseClass" name="@BeforeSuite setUp" time="0.0">
    <ignored/>
  </testcase> <!-- @BeforeSuite setUp -->
  <testcase classname="utilities.BaseClass" name="@BeforeSuite setUp" time="0.0">
    <ignored/>
  </testcase> <!-- @BeforeSuite setUp -->
  <testcase classname="utilities.BaseClass" name="@AfterSuite tearDown" time="0.0">
    <ignored/>
  </testcase> <!-- @AfterSuite tearDown -->
  <testcase classname="utilities.BaseClass" name="@AfterSuite tearDown" time="0.0">
    <ignored/>
  </testcase> <!-- @AfterSuite tearDown -->
</testsuite> <!-- Test -->
