<?xml version="1.0" encoding="UTF-8"?>
<!-- Generated by org.testng.reporters.JUnitXMLReporter -->
<testsuite ignored="4" hostname="LAP-136" failures="0" tests="10" name="Test" time="16.164" errors="0" timestamp="2024-12-30T21:45:29 IST">
  <testcase classname="tests.LoginTests" name="loginTest" time="0.662"/>
  <testcase classname="tests.LoginTests" name="loginTest" time="0.597"/>
  <testcase classname="tests.LoginTests" name="loginTest" time="0.564"/>
  <testcase classname="tests.LoginTests" name="loginTest" time="0.75"/>
  <testcase classname="tests.LoginTests" name="loginTest" time="0.632"/>
  <testcase classname="tests.LoginTests" name="positiveLoginTestWithLocalStorageCheck" time="0.864"/>
  <testcase classname="tests.LoginTests" name="validateSessionUsernameAfterLogin" time="0.578"/>
  <testcase classname="tests.HomePageTests" name="addItemToCart" time="0.965"/>
  <testcase classname="tests.HomePageTests" name="removeItemFromCart" time="2.155"/>
  <testcase classname="tests.HomePageTests" name="verifyHamburgerMenuItems" time="2.177"/>
  <testcase classname="utilities.BaseClass" name="@AfterSuite tearDown" time="0.0">
    <ignored/>
  </testcase> <!-- @AfterSuite tearDown -->
  <testcase classname="utilities.BaseClass" name="@AfterSuite tearDown" time="0.0">
    <ignored/>
  </testcase> <!-- @AfterSuite tearDown -->
  <testcase classname="utilities.BaseClass" name="@BeforeSuite setUp" time="0.0">
    <ignored/>
  </testcase> <!-- @BeforeSuite setUp -->
  <testcase classname="utilities.BaseClass" name="@BeforeSuite setUp" time="0.0">
    <ignored/>
  </testcase> <!-- @BeforeSuite setUp -->
</testsuite> <!-- Test -->
