<?xml version="1.0" encoding="UTF-8"?>
<!-- Generated by org.testng.reporters.JUnitXMLReporter -->
<testsuite ignored="2" hostname="LAP-136" failures="0" tests="10" name="Test" time="7.943" errors="0" timestamp="2025-01-02T16:22:28 IST">
  <testcase classname="tests.LoginTests" name="loginTest" time="0.278"/>
  <testcase classname="tests.LoginTests" name="loginTest" time="0.218"/>
  <testcase classname="tests.LoginTests" name="loginTest" time="0.205"/>
  <testcase classname="tests.LoginTests" name="loginTest" time="0.179"/>
  <testcase classname="tests.LoginTests" name="loginTest" time="0.177"/>
  <testcase classname="tests.LoginTests" name="positiveLoginTestWithLocalStorageCheck" time="0.237"/>
  <testcase classname="tests.LoginTests" name="validateSessionUsernameAfterLogin" time="0.181"/>
  <testcase classname="tests.HomePageTests" name="addItemToCart" time="0.333"/>
  <testcase classname="tests.HomePageTests" name="removeItemFromCart" time="1.396"/>
  <testcase classname="tests.HomePageTests" name="verifyHamburgerMenuItems" time="1.358"/>
  <testcase classname="utilities.BaseClass" name="@AfterSuite tearDown" time="0.0">
    <ignored/>
  </testcase> <!-- @AfterSuite tearDown -->
  <testcase classname="utilities.BaseClass" name="@BeforeSuite setUp" time="0.0">
    <ignored/>
  </testcase> <!-- @BeforeSuite setUp -->
</testsuite> <!-- Test -->
