<?xml version="1.0" encoding="UTF-8"?>
<testng-results ignored="2" total="12" passed="10" failed="0" skipped="0">
  <reporter-output>
  </reporter-output>
  <suite started-at="2025-01-02T16:22:20 IST" name="Suite" finished-at="2025-01-02T16:22:28 IST" duration-ms="7943">
    <groups>
    </groups>
    <test started-at="2025-01-02T16:22:20 IST" name="Test" finished-at="2025-01-02T16:22:28 IST" duration-ms="7943">
      <class name="tests.LoginTests">
        <test-method is-config="true" signature="setUp()[pri:0, instance:tests.LoginTests@7c729a55]" started-at="2025-01-02T16:22:19 IST" name="setUp" finished-at="2025-01-02T16:22:20 IST" duration-ms="1914" status="PASS">
          <reporter-output>
          </reporter-output>
        </test-method> <!-- setUp -->
        <test-method is-config="true" signature="initializePageObjectClasses()[pri:0, instance:tests.LoginTests@7c729a55]" started-at="2025-01-02T16:22:20 IST" name="initializePageObjectClasses" finished-at="2025-01-02T16:22:20 IST" duration-ms="4" status="PASS">
          <reporter-output>
          </reporter-output>
        </test-method> <!-- initializePageObjectClasses -->
        <test-method is-config="true" signature="navigateToLoginPage()[pri:0, instance:tests.LoginTests@7c729a55]" started-at="2025-01-02T16:22:21 IST" name="navigateToLoginPage" finished-at="2025-01-02T16:22:22 IST" duration-ms="1332" status="PASS">
          <reporter-output>
          </reporter-output>
        </test-method> <!-- navigateToLoginPage -->
        <test-method signature="loginTest(java.lang.String,java.lang.String,boolean)[pri:0, instance:tests.LoginTests@7c729a55]" started-at="2025-01-02T16:22:22 IST" name="loginTest" data-provider="loginData" finished-at="2025-01-02T16:22:22 IST" duration-ms="278" status="PASS">
          <params>
            <param index="0">
              <value>
                <![CDATA[standard_user]]>
              </value>
            </param>
            <param index="1">
              <value>
                <![CDATA[secret_sauce]]>
              </value>
            </param>
            <param index="2">
              <value>
                <![CDATA[true]]>
              </value>
            </param>
          </params>
          <reporter-output>
          </reporter-output>
        </test-method> <!-- loginTest -->
        <test-method is-config="true" signature="navigateToLoginPage()[pri:0, instance:tests.LoginTests@7c729a55]" started-at="2025-01-02T16:22:23 IST" name="navigateToLoginPage" finished-at="2025-01-02T16:22:23 IST" duration-ms="124" status="PASS">
          <reporter-output>
          </reporter-output>
        </test-method> <!-- navigateToLoginPage -->
        <test-method signature="loginTest(java.lang.String,java.lang.String,boolean)[pri:0, instance:tests.LoginTests@7c729a55]" started-at="2025-01-02T16:22:23 IST" name="loginTest" data-provider="loginData" finished-at="2025-01-02T16:22:23 IST" duration-ms="218" status="PASS">
          <params>
            <param index="0">
              <value>
                <![CDATA[locked_out_user]]>
              </value>
            </param>
            <param index="1">
              <value>
                <![CDATA[secret_sauce]]>
              </value>
            </param>
            <param index="2">
              <value>
                <![CDATA[false]]>
              </value>
            </param>
          </params>
          <reporter-output>
          </reporter-output>
        </test-method> <!-- loginTest -->
        <test-method is-config="true" signature="navigateToLoginPage()[pri:0, instance:tests.LoginTests@7c729a55]" started-at="2025-01-02T16:22:23 IST" name="navigateToLoginPage" finished-at="2025-01-02T16:22:23 IST" duration-ms="36" status="PASS">
          <reporter-output>
          </reporter-output>
        </test-method> <!-- navigateToLoginPage -->
        <test-method signature="loginTest(java.lang.String,java.lang.String,boolean)[pri:0, instance:tests.LoginTests@7c729a55]" started-at="2025-01-02T16:22:23 IST" name="loginTest" data-provider="loginData" finished-at="2025-01-02T16:22:23 IST" duration-ms="205" status="PASS">
          <params>
            <param index="0">
              <value>
                <![CDATA[standard_user]]>
              </value>
            </param>
            <param index="1">
              <value>
                <![CDATA[wrong_password]]>
              </value>
            </param>
            <param index="2">
              <value>
                <![CDATA[false]]>
              </value>
            </param>
          </params>
          <reporter-output>
          </reporter-output>
        </test-method> <!-- loginTest -->
        <test-method is-config="true" signature="navigateToLoginPage()[pri:0, instance:tests.LoginTests@7c729a55]" started-at="2025-01-02T16:22:24 IST" name="navigateToLoginPage" finished-at="2025-01-02T16:22:24 IST" duration-ms="39" status="PASS">
          <reporter-output>
          </reporter-output>
        </test-method> <!-- navigateToLoginPage -->
        <test-method signature="loginTest(java.lang.String,java.lang.String,boolean)[pri:0, instance:tests.LoginTests@7c729a55]" started-at="2025-01-02T16:22:24 IST" name="loginTest" data-provider="loginData" finished-at="2025-01-02T16:22:24 IST" duration-ms="179" status="PASS">
          <params>
            <param index="0">
              <value>
                <![CDATA[]]>
              </value>
            </param>
            <param index="1">
              <value>
                <![CDATA[secret_sauce]]>
              </value>
            </param>
            <param index="2">
              <value>
                <![CDATA[false]]>
              </value>
            </param>
          </params>
          <reporter-output>
          </reporter-output>
        </test-method> <!-- loginTest -->
        <test-method is-config="true" signature="navigateToLoginPage()[pri:0, instance:tests.LoginTests@7c729a55]" started-at="2025-01-02T16:22:24 IST" name="navigateToLoginPage" finished-at="2025-01-02T16:22:24 IST" duration-ms="37" status="PASS">
          <reporter-output>
          </reporter-output>
        </test-method> <!-- navigateToLoginPage -->
        <test-method signature="loginTest(java.lang.String,java.lang.String,boolean)[pri:0, instance:tests.LoginTests@7c729a55]" started-at="2025-01-02T16:22:24 IST" name="loginTest" data-provider="loginData" finished-at="2025-01-02T16:22:24 IST" duration-ms="177" status="PASS">
          <params>
            <param index="0">
              <value>
                <![CDATA[standard_user]]>
              </value>
            </param>
            <param index="1">
              <value>
                <![CDATA[]]>
              </value>
            </param>
            <param index="2">
              <value>
                <![CDATA[false]]>
              </value>
            </param>
          </params>
          <reporter-output>
          </reporter-output>
        </test-method> <!-- loginTest -->
        <test-method is-config="true" signature="navigateToLoginPage()[pri:0, instance:tests.LoginTests@7c729a55]" started-at="2025-01-02T16:22:24 IST" name="navigateToLoginPage" finished-at="2025-01-02T16:22:24 IST" duration-ms="36" status="PASS">
          <reporter-output>
          </reporter-output>
        </test-method> <!-- navigateToLoginPage -->
        <test-method signature="positiveLoginTestWithLocalStorageCheck()[pri:0, instance:tests.LoginTests@7c729a55]" started-at="2025-01-02T16:22:24 IST" name="positiveLoginTestWithLocalStorageCheck" finished-at="2025-01-02T16:22:24 IST" duration-ms="237" status="PASS">
          <reporter-output>
          </reporter-output>
        </test-method> <!-- positiveLoginTestWithLocalStorageCheck -->
        <test-method is-config="true" signature="navigateToLoginPage()[pri:0, instance:tests.LoginTests@7c729a55]" started-at="2025-01-02T16:22:25 IST" name="navigateToLoginPage" finished-at="2025-01-02T16:22:25 IST" duration-ms="38" status="PASS">
          <reporter-output>
          </reporter-output>
        </test-method> <!-- navigateToLoginPage -->
        <test-method signature="validateSessionUsernameAfterLogin()[pri:0, instance:tests.LoginTests@7c729a55]" started-at="2025-01-02T16:22:25 IST" name="validateSessionUsernameAfterLogin" finished-at="2025-01-02T16:22:25 IST" duration-ms="181" status="PASS">
          <reporter-output>
          </reporter-output>
        </test-method> <!-- validateSessionUsernameAfterLogin -->
        <test-method is-config="true" signature="tearDown()[pri:0, instance:tests.LoginTests@7c729a55]" started-at="2025-01-02T16:22:28 IST" name="tearDown" finished-at="2025-01-02T16:22:29 IST" duration-ms="184" status="PASS">
          <reporter-output>
          </reporter-output>
        </test-method> <!-- tearDown -->
      </class> <!-- tests.LoginTests -->
      <class name="tests.HomePageTests">
        <test-method is-config="true" signature="initializePageObjectClasses()[pri:0, instance:tests.HomePageTests@5ffead27]" started-at="2025-01-02T16:22:25 IST" name="initializePageObjectClasses" finished-at="2025-01-02T16:22:25 IST" duration-ms="1" status="PASS">
          <reporter-output>
          </reporter-output>
        </test-method> <!-- initializePageObjectClasses -->
        <test-method is-config="true" signature="navigateToLoginPage()[pri:0, instance:tests.HomePageTests@5ffead27]" started-at="2025-01-02T16:22:25 IST" name="navigateToLoginPage" finished-at="2025-01-02T16:22:25 IST" duration-ms="38" status="PASS">
          <reporter-output>
          </reporter-output>
        </test-method> <!-- navigateToLoginPage -->
        <test-method signature="addItemToCart()[pri:0, instance:tests.HomePageTests@5ffead27]" started-at="2025-01-02T16:22:25 IST" name="addItemToCart" finished-at="2025-01-02T16:22:25 IST" duration-ms="333" status="PASS">
          <reporter-output>
          </reporter-output>
        </test-method> <!-- addItemToCart -->
        <test-method is-config="true" signature="navigateToLoginPage()[pri:0, instance:tests.HomePageTests@5ffead27]" started-at="2025-01-02T16:22:25 IST" name="navigateToLoginPage" finished-at="2025-01-02T16:22:25 IST" duration-ms="39" status="PASS">
          <reporter-output>
          </reporter-output>
        </test-method> <!-- navigateToLoginPage -->
        <test-method signature="removeItemFromCart()[pri:0, instance:tests.HomePageTests@5ffead27]" started-at="2025-01-02T16:22:25 IST" name="removeItemFromCart" finished-at="2025-01-02T16:22:27 IST" duration-ms="1396" status="PASS">
          <reporter-output>
          </reporter-output>
        </test-method> <!-- removeItemFromCart -->
        <test-method is-config="true" signature="navigateToLoginPage()[pri:0, instance:tests.HomePageTests@5ffead27]" started-at="2025-01-02T16:22:27 IST" name="navigateToLoginPage" finished-at="2025-01-02T16:22:27 IST" duration-ms="34" status="PASS">
          <reporter-output>
          </reporter-output>
        </test-method> <!-- navigateToLoginPage -->
        <test-method signature="verifyHamburgerMenuItems()[pri:0, instance:tests.HomePageTests@5ffead27]" started-at="2025-01-02T16:22:27 IST" name="verifyHamburgerMenuItems" finished-at="2025-01-02T16:22:28 IST" duration-ms="1358" status="PASS">
          <reporter-output>
          </reporter-output>
        </test-method> <!-- verifyHamburgerMenuItems -->
      </class> <!-- tests.HomePageTests -->
    </test> <!-- Test -->
  </suite> <!-- Suite -->
</testng-results>
