<?xml version="1.0" encoding="UTF-8"?>
<testng-results ignored="0" total="10" passed="10" failed="0" skipped="0">
  <reporter-output>
  </reporter-output>
  <suite started-at="2024-12-30T21:42:34 IST" name="Suite" finished-at="2024-12-30T21:42:51 IST" duration-ms="16807">
    <groups>
    </groups>
    <test started-at="2024-12-30T21:42:34 IST" name="Test" finished-at="2024-12-30T21:42:51 IST" duration-ms="16807">
      <class name="tests.LoginTests">
        <test-method is-config="true" signature="setUp()[pri:0, instance:tests.LoginTests@fa4c865]" started-at="2024-12-30T21:42:31 IST" name="setUp" finished-at="2024-12-30T21:42:34 IST" duration-ms="3265" status="PASS">
          <reporter-output>
          </reporter-output>
        </test-method> <!-- setUp -->
        <test-method is-config="true" signature="initializePageObjectClasses()[pri:0, instance:tests.LoginTests@fa4c865]" started-at="2024-12-30T21:42:34 IST" name="initializePageObjectClasses" finished-at="2024-12-30T21:42:34 IST" duration-ms="12" status="PASS">
          <reporter-output>
          </reporter-output>
        </test-method> <!-- initializePageObjectClasses -->
        <test-method is-config="true" signature="navigateToLoginPage()[pri:0, instance:tests.LoginTests@fa4c865]" started-at="2024-12-30T21:42:36 IST" name="navigateToLoginPage" finished-at="2024-12-30T21:42:38 IST" duration-ms="2163" status="PASS">
          <reporter-output>
          </reporter-output>
        </test-method> <!-- navigateToLoginPage -->
        <test-method signature="loginTest(java.lang.String,java.lang.String,boolean)[pri:0, instance:tests.LoginTests@fa4c865]" started-at="2024-12-30T21:42:38 IST" name="loginTest" data-provider="loginData" finished-at="2024-12-30T21:42:39 IST" duration-ms="768" status="PASS">
          <params>
            <param index="0">
              <value>
                <![CDATA[standard_user]]>
              </value>
            </param>
            <param index="1">
              <value>
                <![CDATA[secret_sauce]]>
              </value>
            </param>
            <param index="2">
              <value>
                <![CDATA[true]]>
              </value>
            </param>
          </params>
          <reporter-output>
          </reporter-output>
        </test-method> <!-- loginTest -->
        <test-method is-config="true" signature="navigateToLoginPage()[pri:0, instance:tests.LoginTests@fa4c865]" started-at="2024-12-30T21:42:39 IST" name="navigateToLoginPage" finished-at="2024-12-30T21:42:39 IST" duration-ms="132" status="PASS">
          <reporter-output>
          </reporter-output>
        </test-method> <!-- navigateToLoginPage -->
        <test-method signature="loginTest(java.lang.String,java.lang.String,boolean)[pri:0, instance:tests.LoginTests@fa4c865]" started-at="2024-12-30T21:42:39 IST" name="loginTest" data-provider="loginData" finished-at="2024-12-30T21:42:40 IST" duration-ms="798" status="PASS">
          <params>
            <param index="0">
              <value>
                <![CDATA[locked_out_user]]>
              </value>
            </param>
            <param index="1">
              <value>
                <![CDATA[secret_sauce]]>
              </value>
            </param>
            <param index="2">
              <value>
                <![CDATA[false]]>
              </value>
            </param>
          </params>
          <reporter-output>
          </reporter-output>
        </test-method> <!-- loginTest -->
        <test-method is-config="true" signature="navigateToLoginPage()[pri:0, instance:tests.LoginTests@fa4c865]" started-at="2024-12-30T21:42:40 IST" name="navigateToLoginPage" finished-at="2024-12-30T21:42:40 IST" duration-ms="55" status="PASS">
          <reporter-output>
          </reporter-output>
        </test-method> <!-- navigateToLoginPage -->
        <test-method signature="loginTest(java.lang.String,java.lang.String,boolean)[pri:0, instance:tests.LoginTests@fa4c865]" started-at="2024-12-30T21:42:40 IST" name="loginTest" data-provider="loginData" finished-at="2024-12-30T21:42:41 IST" duration-ms="707" status="PASS">
          <params>
            <param index="0">
              <value>
                <![CDATA[standard_user]]>
              </value>
            </param>
            <param index="1">
              <value>
                <![CDATA[wrong_password]]>
              </value>
            </param>
            <param index="2">
              <value>
                <![CDATA[false]]>
              </value>
            </param>
          </params>
          <reporter-output>
          </reporter-output>
        </test-method> <!-- loginTest -->
        <test-method is-config="true" signature="navigateToLoginPage()[pri:0, instance:tests.LoginTests@fa4c865]" started-at="2024-12-30T21:42:41 IST" name="navigateToLoginPage" finished-at="2024-12-30T21:42:41 IST" duration-ms="54" status="PASS">
          <reporter-output>
          </reporter-output>
        </test-method> <!-- navigateToLoginPage -->
        <test-method signature="loginTest(java.lang.String,java.lang.String,boolean)[pri:0, instance:tests.LoginTests@fa4c865]" started-at="2024-12-30T21:42:41 IST" name="loginTest" data-provider="loginData" finished-at="2024-12-30T21:42:42 IST" duration-ms="590" status="PASS">
          <params>
            <param index="0">
              <value>
                <![CDATA[]]>
              </value>
            </param>
            <param index="1">
              <value>
                <![CDATA[secret_sauce]]>
              </value>
            </param>
            <param index="2">
              <value>
                <![CDATA[false]]>
              </value>
            </param>
          </params>
          <reporter-output>
          </reporter-output>
        </test-method> <!-- loginTest -->
        <test-method is-config="true" signature="navigateToLoginPage()[pri:0, instance:tests.LoginTests@fa4c865]" started-at="2024-12-30T21:42:42 IST" name="navigateToLoginPage" finished-at="2024-12-30T21:42:42 IST" duration-ms="103" status="PASS">
          <reporter-output>
          </reporter-output>
        </test-method> <!-- navigateToLoginPage -->
        <test-method signature="loginTest(java.lang.String,java.lang.String,boolean)[pri:0, instance:tests.LoginTests@fa4c865]" started-at="2024-12-30T21:42:42 IST" name="loginTest" data-provider="loginData" finished-at="2024-12-30T21:42:43 IST" duration-ms="637" status="PASS">
          <params>
            <param index="0">
              <value>
                <![CDATA[standard_user]]>
              </value>
            </param>
            <param index="1">
              <value>
                <![CDATA[]]>
              </value>
            </param>
            <param index="2">
              <value>
                <![CDATA[false]]>
              </value>
            </param>
          </params>
          <reporter-output>
          </reporter-output>
        </test-method> <!-- loginTest -->
        <test-method is-config="true" signature="navigateToLoginPage()[pri:0, instance:tests.LoginTests@fa4c865]" started-at="2024-12-30T21:42:43 IST" name="navigateToLoginPage" finished-at="2024-12-30T21:42:43 IST" duration-ms="55" status="PASS">
          <reporter-output>
          </reporter-output>
        </test-method> <!-- navigateToLoginPage -->
        <test-method signature="positiveLoginTestWithLocalStorageCheck()[pri:0, instance:tests.LoginTests@fa4c865]" started-at="2024-12-30T21:42:43 IST" name="positiveLoginTestWithLocalStorageCheck" finished-at="2024-12-30T21:42:44 IST" duration-ms="868" status="PASS">
          <reporter-output>
          </reporter-output>
        </test-method> <!-- positiveLoginTestWithLocalStorageCheck -->
        <test-method is-config="true" signature="navigateToLoginPage()[pri:0, instance:tests.LoginTests@fa4c865]" started-at="2024-12-30T21:42:44 IST" name="navigateToLoginPage" finished-at="2024-12-30T21:42:44 IST" duration-ms="65" status="PASS">
          <reporter-output>
          </reporter-output>
        </test-method> <!-- navigateToLoginPage -->
        <test-method signature="validateSessionUsernameAfterLogin()[pri:0, instance:tests.LoginTests@fa4c865]" started-at="2024-12-30T21:42:44 IST" name="validateSessionUsernameAfterLogin" finished-at="2024-12-30T21:42:45 IST" duration-ms="736" status="PASS">
          <reporter-output>
          </reporter-output>
        </test-method> <!-- validateSessionUsernameAfterLogin -->
        <test-method is-config="true" signature="tearDown()[pri:0, instance:tests.LoginTests@fa4c865]" started-at="2024-12-30T21:42:51 IST" name="tearDown" finished-at="2024-12-30T21:42:52 IST" duration-ms="397" status="PASS">
          <reporter-output>
          </reporter-output>
        </test-method> <!-- tearDown -->
      </class> <!-- tests.LoginTests -->
      <class name="tests.HomePageTests">
        <test-method is-config="true" signature="initializePageObjectClasses()[pri:0, instance:tests.HomePageTests@5e5d171f]" started-at="2024-12-30T21:42:45 IST" name="initializePageObjectClasses" finished-at="2024-12-30T21:42:45 IST" duration-ms="2" status="PASS">
          <reporter-output>
          </reporter-output>
        </test-method> <!-- initializePageObjectClasses -->
        <test-method is-config="true" signature="navigateToLoginPage()[pri:0, instance:tests.HomePageTests@5e5d171f]" started-at="2024-12-30T21:42:45 IST" name="navigateToLoginPage" finished-at="2024-12-30T21:42:45 IST" duration-ms="64" status="PASS">
          <reporter-output>
          </reporter-output>
        </test-method> <!-- navigateToLoginPage -->
        <test-method signature="addItemToCart()[pri:0, instance:tests.HomePageTests@5e5d171f]" started-at="2024-12-30T21:42:45 IST" name="addItemToCart" finished-at="2024-12-30T21:42:46 IST" duration-ms="1155" status="PASS">
          <reporter-output>
          </reporter-output>
        </test-method> <!-- addItemToCart -->
        <test-method is-config="true" signature="navigateToLoginPage()[pri:0, instance:tests.HomePageTests@5e5d171f]" started-at="2024-12-30T21:42:46 IST" name="navigateToLoginPage" finished-at="2024-12-30T21:42:47 IST" duration-ms="63" status="PASS">
          <reporter-output>
          </reporter-output>
        </test-method> <!-- navigateToLoginPage -->
        <test-method signature="removeItemFromCart()[pri:0, instance:tests.HomePageTests@5e5d171f]" started-at="2024-12-30T21:42:47 IST" name="removeItemFromCart" finished-at="2024-12-30T21:42:49 IST" duration-ms="2166" status="PASS">
          <reporter-output>
          </reporter-output>
        </test-method> <!-- removeItemFromCart -->
        <test-method is-config="true" signature="navigateToLoginPage()[pri:0, instance:tests.HomePageTests@5e5d171f]" started-at="2024-12-30T21:42:49 IST" name="navigateToLoginPage" finished-at="2024-12-30T21:42:49 IST" duration-ms="60" status="PASS">
          <reporter-output>
          </reporter-output>
        </test-method> <!-- navigateToLoginPage -->
        <test-method signature="verifyHamburgerMenuItems()[pri:0, instance:tests.HomePageTests@5e5d171f]" started-at="2024-12-30T21:42:49 IST" name="verifyHamburgerMenuItems" finished-at="2024-12-30T21:42:51 IST" duration-ms="2104" status="PASS">
          <reporter-output>
          </reporter-output>
        </test-method> <!-- verifyHamburgerMenuItems -->
      </class> <!-- tests.HomePageTests -->
    </test> <!-- Test -->
  </suite> <!-- Suite -->
</testng-results>
